<?xml version="1.0" encoding="UTF-8"?>
<!-- Generated by org.testng.reporters.JUnitXMLReporter -->
<testsuite hostname="IBM847-PC0488LH" ignored="1" name="Vendor_Create_Fill_In_Questionnaire" tests="1" failures="1" timestamp="04 Dec 2018 09:23:15 GMT" time="31.933" errors="0">
  <testcase name="Vendor_Create_Fill_In_Questionnaire" time="31.926" classname="com.mendix.test.VendorScript">
    <failure type="java.lang.AssertionError" message="expected [true] but found [false]">
      <![CDATA[java.lang.AssertionError: expected [true] but found [false]
at com.mendix.test.VendorScript.Vendor_Create_Fill_In_Questionnaire(VendorScript.java:18)
... Removed 29 stack frames]]>
    </failure>
  </testcase> <!-- Vendor_Create_Fill_In_Questionnaire -->
  <testcase name="Vendor_Create_Fill_In_Data" time="0.0" classname="com.mendix.test.VendorScript">
    <ignored/>
  </testcase> <!-- Vendor_Create_Fill_In_Data -->
</testsuite> <!-- Vendor_Create_Fill_In_Questionnaire -->
