<?xml version="1.0" encoding="UTF-8"?>
<!-- Generated by org.testng.reporters.JUnitXMLReporter -->
<testsuite hostname="DESKTOP-8D4LHVL" ignored="12" name="Vendor_Create_Syndication_Check" tests="1" failures="1" timestamp="28 Jan 2019 10:42:43 GMT" time="136.366" errors="0">
  <testcase name="Vendor_Create_Syndication_Check" time="136.335" classname="com.mendix.test.VendorScript">
    <failure type="org.openqa.selenium.NoSuchWindowException" message="No window found
Build info: version: &amp;apos;3.14.0&amp;apos;, revision: &amp;apos;aacccce0&amp;apos;, time: &amp;apos;2018-08-02T20:13:22.693Z&amp;apos;
System info: host: &amp;apos;DESKTOP-8D4LHVL&amp;apos;, ip: &amp;apos;9.251.112.7&amp;apos;, os.name: &amp;apos;Windows 10&amp;apos;, os.arch: &amp;apos;amd64&amp;apos;, os.version: &amp;apos;10.0&amp;apos;, java.version: &amp;apos;1.8.0_191&amp;apos;
Driver info: org.openqa.selenium.ie.InternetExplorerDriver
Capabilities {acceptInsecureCerts: false, browserName: internet explorer, browserVersion: 11, javascriptEnabled: true, pageLoadStrategy: normal, platform: WINDOWS, platformName: WINDOWS, proxy: Proxy(), se:ieOptions: {browserAttachTimeout: 0, elementScrollBehavior: 0, enablePersistentHover: true, ie.browserCommandLineSwitches: , ie.ensureCleanSession: false, ie.fileUploadDialogTimeout: 3000, ie.forceCreateProcessApi: false, ignoreProtectedModeSettings: false, ignoreZoomSetting: false, initialBrowserUrl: http://localhost:4143/, nativeEvents: true, requireWindowFocus: false}, setWindowRect: true, timeouts: {implicit: 0, pageLoad: 300000, script: 30000}}
Session ID: dd42132d-bfbd-4e2a-91b8-fcdf9fe1b70a">
      <![CDATA[org.openqa.selenium.NoSuchWindowException: No window found
Build info: version: '3.14.0', revision: 'aacccce0', time: '2018-08-02T20:13:22.693Z'
System info: host: 'DESKTOP-8D4LHVL', ip: '9.251.112.7', os.name: 'Windows 10', os.arch: 'amd64', os.version: '10.0', java.version: '1.8.0_191'
Driver info: org.openqa.selenium.ie.InternetExplorerDriver
Capabilities {acceptInsecureCerts: false, browserName: internet explorer, browserVersion: 11, javascriptEnabled: true, pageLoadStrategy: normal, platform: WINDOWS, platformName: WINDOWS, proxy: Proxy(), se:ieOptions: {browserAttachTimeout: 0, elementScrollBehavior: 0, enablePersistentHover: true, ie.browserCommandLineSwitches: , ie.ensureCleanSession: false, ie.fileUploadDialogTimeout: 3000, ie.forceCreateProcessApi: false, ignoreProtectedModeSettings: false, ignoreZoomSetting: false, initialBrowserUrl: http://localhost:4143/, nativeEvents: true, requireWindowFocus: false}, setWindowRect: true, timeouts: {implicit: 0, pageLoad: 300000, script: 30000}}
Session ID: dd42132d-bfbd-4e2a-91b8-fcdf9fe1b70a
at org.openqa.selenium.remote.http.W3CHttpResponseCodec.createException(W3CHttpResponseCodec.java:187)
at org.openqa.selenium.remote.http.W3CHttpResponseCodec.decode(W3CHttpResponseCodec.java:122)
at org.openqa.selenium.remote.http.W3CHttpResponseCodec.decode(W3CHttpResponseCodec.java:49)
at org.openqa.selenium.remote.HttpCommandExecutor.execute(HttpCommandExecutor.java:158)
at org.openqa.selenium.remote.service.DriverCommandExecutor.execute(DriverCommandExecutor.java:83)
at org.openqa.selenium.remote.RemoteWebDriver.execute(RemoteWebDriver.java:548)
at org.openqa.selenium.remote.RemoteWebDriver$RemoteTargetLocator.window(RemoteWebDriver.java:899)
at com.mendix.page.VendorPage.advancedSearch(VendorPage.java:663)
at com.mendix.test.VendorScript.Vendor_Create_Syndication_Check(VendorScript.java:157)
... Removed 28 stack frames]]>
    </failure>
  </testcase> <!-- Vendor_Create_Syndication_Check -->
  <testcase name="Vendor_Create_Review_Global_Data_Approve_GDA" time="0.0" classname="com.mendix.test.VendorScript">
    <ignored/>
  </testcase> <!-- Vendor_Create_Review_Global_Data_Approve_GDA -->
  <testcase name="Vendor_Change_Fill_In_Data" time="0.0" classname="com.mendix.test.VendorScript">
    <ignored/>
  </testcase> <!-- Vendor_Change_Fill_In_Data -->
  <testcase name="Vendor_Create_Fill_in_Data_Save_as_Draft_Submit" time="0.0" classname="com.mendix.test.VendorScript">
    <ignored/>
  </testcase> <!-- Vendor_Create_Fill_in_Data_Save_as_Draft_Submit -->
  <testcase name="Vendor_Change_DashBoard" time="0.0" classname="com.mendix.test.VendorScript">
    <ignored/>
  </testcase> <!-- Vendor_Change_DashBoard -->
  <testcase name="Create_Vendor_Rejections_with_Discard" time="0.0" classname="com.mendix.test.VendorScript">
    <ignored/>
  </testcase> <!-- Create_Vendor_Rejections_with_Discard -->
  <testcase name="Vendor_Create_Fill_In_Data" time="0.0" classname="com.mendix.test.VendorScript">
    <ignored/>
  </testcase> <!-- Vendor_Create_Fill_In_Data -->
  <testcase name="Vendor_Change_DashBoard_SearchWith_GlobalID" time="0.0" classname="com.mendix.test.VendorScript">
    <ignored/>
  </testcase> <!-- Vendor_Change_DashBoard_SearchWith_GlobalID -->
  <testcase name="Vendor_Create_Review_Global_Data_Reject_GDA" time="0.0" classname="com.mendix.test.VendorScript">
    <ignored/>
  </testcase> <!-- Vendor_Create_Review_Global_Data_Reject_GDA -->
  <testcase name="Process_Information_Check" time="0.0" classname="com.mendix.test.VendorScript">
    <ignored/>
  </testcase> <!-- Process_Information_Check -->
  <testcase name="Vendor_Create_Fill_In_Questionnaire" time="0.0" classname="com.mendix.test.VendorScript">
    <ignored/>
  </testcase> <!-- Vendor_Create_Fill_In_Questionnaire -->
  <testcase name="Vendor_Create_Fill_In_Data_SavaASDraft" time="0.0" classname="com.mendix.test.VendorScript">
    <ignored/>
  </testcase> <!-- Vendor_Create_Fill_In_Data_SavaASDraft -->
  <testcase name="Process_Information_Check_Discard" time="0.0" classname="com.mendix.test.VendorScript">
    <ignored/>
  </testcase> <!-- Process_Information_Check_Discard -->
</testsuite> <!-- Vendor_Create_Syndication_Check -->
