<?xml version="1.0" encoding="UTF-8"?>
<!-- Generated by org.testng.reporters.JUnitXMLReporter -->
<testsuite hostname="IBM847-PC0488LH" ignored="13" name="Vendor_Change_Fill_In_Data_Global_Local_Bank_NAV" tests="1" failures="1" timestamp="01 Jan 2019 09:04:34 GMT" time="97.755" errors="0">
  <testcase name="Vendor_Change_Fill_In_Data_Global_Local_Bank_NAV" time="97.633" classname="com.mendix.test.VendorScript_NAV">
    <failure type="org.openqa.selenium.NoSuchElementException" message="Unable to find element with xpath == .//*[text()=&amp;apos;Bank Country&amp;apos;]/../div/div/select
For documentation on this error, please visit: http://seleniumhq.org/exceptions/no_such_element.html
Build info: version: &amp;apos;3.14.0&amp;apos;, revision: &amp;apos;aacccce0&amp;apos;, time: &amp;apos;2018-08-02T20:13:22.693Z&amp;apos;
System info: host: &amp;apos;IBM847-PC0488LH&amp;apos;, ip: &amp;apos;9.251.112.24&amp;apos;, os.name: &amp;apos;Windows 7&amp;apos;, os.arch: &amp;apos;amd64&amp;apos;, os.version: &amp;apos;6.1&amp;apos;, java.version: &amp;apos;1.8.0_45&amp;apos;
Driver info: org.openqa.selenium.ie.InternetExplorerDriver
Capabilities {acceptInsecureCerts: false, browserName: internet explorer, browserVersion: 11, javascriptEnabled: true, pageLoadStrategy: normal, platform: WINDOWS, platformName: WINDOWS, proxy: Proxy(), se:ieOptions: {browserAttachTimeout: 0, elementScrollBehavior: 0, enablePersistentHover: true, ie.browserCommandLineSwitches: , ie.ensureCleanSession: false, ie.fileUploadDialogTimeout: 3000, ie.forceCreateProcessApi: false, ignoreProtectedModeSettings: false, ignoreZoomSetting: false, initialBrowserUrl: http://localhost:11102/, nativeEvents: true, requireWindowFocus: false}, setWindowRect: true, timeouts: {implicit: 0, pageLoad: 300000, script: 30000}}
Session ID: c1afba0c-8cb1-41c4-bd75-53dc78772b09
*** Element info: {Using=xpath, value=.//*[text()=&amp;apos;Bank Country&amp;apos;]/../div/div/select}">
      <![CDATA[org.openqa.selenium.NoSuchElementException: Unable to find element with xpath == .//*[text()='Bank Country']/../div/div/select
For documentation on this error, please visit: http://seleniumhq.org/exceptions/no_such_element.html
Build info: version: '3.14.0', revision: 'aacccce0', time: '2018-08-02T20:13:22.693Z'
System info: host: 'IBM847-PC0488LH', ip: '9.251.112.24', os.name: 'Windows 7', os.arch: 'amd64', os.version: '6.1', java.version: '1.8.0_45'
Driver info: org.openqa.selenium.ie.InternetExplorerDriver
Capabilities {acceptInsecureCerts: false, browserName: internet explorer, browserVersion: 11, javascriptEnabled: true, pageLoadStrategy: normal, platform: WINDOWS, platformName: WINDOWS, proxy: Proxy(), se:ieOptions: {browserAttachTimeout: 0, elementScrollBehavior: 0, enablePersistentHover: true, ie.browserCommandLineSwitches: , ie.ensureCleanSession: false, ie.fileUploadDialogTimeout: 3000, ie.forceCreateProcessApi: false, ignoreProtectedModeSettings: false, ignoreZoomSetting: false, initialBrowserUrl: http://localhost:11102/, nativeEvents: true, requireWindowFocus: false}, setWindowRect: true, timeouts: {implicit: 0, pageLoad: 300000, script: 30000}}
Session ID: c1afba0c-8cb1-41c4-bd75-53dc78772b09
*** Element info: {Using=xpath, value=.//*[text()='Bank Country']/../div/div/select}
at org.openqa.selenium.remote.http.W3CHttpResponseCodec.createException(W3CHttpResponseCodec.java:187)
at org.openqa.selenium.remote.http.W3CHttpResponseCodec.decode(W3CHttpResponseCodec.java:122)
at org.openqa.selenium.remote.http.W3CHttpResponseCodec.decode(W3CHttpResponseCodec.java:49)
at org.openqa.selenium.remote.HttpCommandExecutor.execute(HttpCommandExecutor.java:158)
at org.openqa.selenium.remote.service.DriverCommandExecutor.execute(DriverCommandExecutor.java:83)
at org.openqa.selenium.remote.RemoteWebDriver.execute(RemoteWebDriver.java:548)
at org.openqa.selenium.remote.RemoteWebDriver.findElement(RemoteWebDriver.java:322)
at org.openqa.selenium.remote.RemoteWebDriver.findElementByXPath(RemoteWebDriver.java:424)
at org.openqa.selenium.By$ByXPath.findElement(By.java:353)
at org.openqa.selenium.remote.RemoteWebDriver.findElement(RemoteWebDriver.java:314)
at org.openqa.selenium.support.pagefactory.DefaultElementLocator.findElement(DefaultElementLocator.java:69)
at org.openqa.selenium.support.pagefactory.internal.LocatingElementHandler.invoke(LocatingElementHandler.java:38)
at com.sun.proxy.$Proxy8.getTagName(Unknown Source)
at org.openqa.selenium.support.ui.Select.<init>(Select.java:44)
at com.mendix.page.VendorPage_NAV.VendorBankCountry(VendorPage_NAV.java:613)
at com.mendix.test.VendorScript_NAV.Vendor_Change_Fill_In_Data_Global_Local_Bank_NAV(VendorScript_NAV.java:289)
... Removed 29 stack frames]]>
    </failure>
  </testcase> <!-- Vendor_Change_Fill_In_Data_Global_Local_Bank_NAV -->
  <testcase name="Vendor_Create_Review_Local_Data_Reject_LDS" time="0.0" classname="com.mendix.test.VendorScript_NAV">
    <ignored/>
  </testcase> <!-- Vendor_Create_Review_Local_Data_Reject_LDS -->
  <testcase name="Vendor_Create_Fill_In_Data_SavaASDraft" time="0.0" classname="com.mendix.test.VendorScript_NAV">
    <ignored/>
  </testcase> <!-- Vendor_Create_Fill_In_Data_SavaASDraft -->
  <testcase name="Vendor_Create_Fill_In_Questionnaire" time="0.0" classname="com.mendix.test.VendorScript_NAV">
    <ignored/>
  </testcase> <!-- Vendor_Create_Fill_In_Questionnaire -->
  <testcase name="Create_Vendor_Rejections_with_Discard" time="0.0" classname="com.mendix.test.VendorScript_NAV">
    <ignored/>
  </testcase> <!-- Create_Vendor_Rejections_with_Discard -->
  <testcase name="Vendor_Create_Syndication_Check" time="0.0" classname="com.mendix.test.VendorScript_NAV">
    <ignored/>
  </testcase> <!-- Vendor_Create_Syndication_Check -->
  <testcase name="Vendor_Create_Review_Global_Data_Approve_GDA" time="0.0" classname="com.mendix.test.VendorScript_NAV">
    <ignored/>
  </testcase> <!-- Vendor_Create_Review_Global_Data_Approve_GDA -->
  <testcase name="Vendor_Create_Review_Global_Data_Reject_GDA" time="0.0" classname="com.mendix.test.VendorScript_NAV">
    <ignored/>
  </testcase> <!-- Vendor_Create_Review_Global_Data_Reject_GDA -->
  <testcase name="Vendor_Create_Fill_in_Data_Save_as_Draft_Submit" time="0.0" classname="com.mendix.test.VendorScript_NAV">
    <ignored/>
  </testcase> <!-- Vendor_Create_Fill_in_Data_Save_as_Draft_Submit -->
  <testcase name="Process_Information_Check" time="0.0" classname="com.mendix.test.VendorScript_NAV">
    <ignored/>
  </testcase> <!-- Process_Information_Check -->
  <testcase name="Vendor_Create_Review_Local_Data_Approve_LDS" time="0.0" classname="com.mendix.test.VendorScript_NAV">
    <ignored/>
  </testcase> <!-- Vendor_Create_Review_Local_Data_Approve_LDS -->
  <testcase name="Process_Information_Check_Discard" time="0.0" classname="com.mendix.test.VendorScript_NAV">
    <ignored/>
  </testcase> <!-- Process_Information_Check_Discard -->
  <testcase name="Vendor_Create_Fill_In_Data_Global_Local_Bank_NAV" time="0.0" classname="com.mendix.test.VendorScript_NAV">
    <ignored/>
  </testcase> <!-- Vendor_Create_Fill_In_Data_Global_Local_Bank_NAV -->
  <testcase name="Vendor_Create_Fill_In_Data_Global_Local_NAV" time="0.0" classname="com.mendix.test.VendorScript_NAV">
    <ignored/>
  </testcase> <!-- Vendor_Create_Fill_In_Data_Global_Local_NAV -->
</testsuite> <!-- Vendor_Change_Fill_In_Data_Global_Local_Bank_NAV -->
